TN:
SF:src/app.ts
FN:9,createApp
FNF:1
FNH:0
FNDA:0,createApp
DA:1,0
DA:2,0
DA:3,0
DA:9,0
DA:10,0
DA:12,0
DA:14,0
DA:17,0
DA:19,0
LF:9
LH:0
BRF:0
BRH:0
end_of_record
TN:
SF:src/routes.ts
FN:5,registerRoutes
FN:7,(anonymous_1)
FNF:2
FNH:0
FNDA:0,registerRoutes
FNDA:0,(anonymous_1)
DA:2,0
DA:3,0
DA:5,0
DA:7,0
DA:8,0
DA:11,0
DA:12,0
LF:7
LH:0
BRF:0
BRH:0
end_of_record
TN:
SF:src/config/index.ts
FN:7,required
FN:13,optional
FNF:2
FNH:1
FNDA:0,required
FNDA:22,optional
DA:8,0
DA:9,0
DA:10,0
DA:14,22
DA:17,2
DA:41,2
LF:6
LH:3
BRDA:9,0,0,0
BRDA:14,1,0,22
BRDA:14,1,1,20
BRF:3
BRH:2
end_of_record
TN:
SF:src/core/async-handler.ts
FN:7,asyncHandler
FN:10,(anonymous_1)
FNF:2
FNH:2
FNDA:3,asyncHandler
FNDA:3,(anonymous_1)
DA:7,1
DA:10,3
DA:11,3
LF:3
LH:3
BRF:0
BRH:0
end_of_record
TN:
SF:src/core/http-error.ts
FN:7,(anonymous_0)
FN:21,(anonymous_1)
FN:24,(anonymous_2)
FN:27,(anonymous_3)
FN:30,(anonymous_4)
FNF:5
FNH:5
FNDA:13,(anonymous_0)
FNDA:2,(anonymous_1)
FNDA:4,(anonymous_2)
FNDA:1,(anonymous_3)
FNDA:2,(anonymous_4)
DA:6,3
DA:8,13
DA:10,13
DA:12,13
DA:13,13
DA:15,13
DA:21,3
DA:22,2
DA:24,3
DA:25,4
DA:27,3
DA:28,1
DA:30,3
DA:31,2
LF:14
LH:14
BRDA:30,0,0,1
BRF:1
BRH:1
end_of_record
TN:
SF:src/core/middleware/error-handler.ts
FN:10,errorHandler
FNF:1
FNH:1
FNDA:4,errorHandler
DA:2,1
DA:10,1
DA:16,4
DA:17,2
DA:18,2
DA:19,2
DA:20,2
DA:24,2
DA:25,2
LF:9
LH:9
BRDA:16,0,0,2
BRDA:18,1,0,1
BRF:2
BRH:2
end_of_record
TN:
SF:src/core/middleware/validate.ts
FN:9,validate
FN:10,(anonymous_1)
FN:14,(anonymous_2)
FNF:3
FNH:3
FNDA:3,validate
FNDA:3,(anonymous_1)
FNDA:3,(anonymous_2)
DA:9,1
DA:10,3
DA:11,3
DA:13,3
DA:14,3
DA:19,2
DA:23,2
DA:27,1
DA:28,1
LF:9
LH:9
BRDA:13,0,0,2
BRF:1
BRH:1
end_of_record
TN:
SF:src/infra/cache/lock.ts
FN:24,acquireLock
FN:41,releaseLock
FNF:2
FNH:2
FNDA:2,acquireLock
FNDA:2,releaseLock
DA:1,1
DA:8,1
DA:24,1
DA:29,2
DA:30,2
DA:41,1
DA:42,2
LF:7
LH:7
BRF:0
BRH:0
end_of_record
TN:
SF:src/infra/cache/redis.ts
FN:12,(anonymous_1)
FNF:1
FNH:0
FNDA:0,(anonymous_1)
DA:1,0
DA:2,0
DA:5,0
DA:12,0
DA:13,0
DA:16,0
LF:6
LH:0
BRF:0
BRH:0
end_of_record
TN:
SF:src/infra/db/knex.ts
FNF:0
FNH:0
DA:1,0
DA:2,0
DA:5,0
DA:17,0
LF:4
LH:0
BRF:0
BRH:0
end_of_record
TN:
SF:src/modules/products/products.controller.ts
FN:4,getProducts
FNF:1
FNH:1
FNDA:2,getProducts
DA:2,1
DA:4,1
DA:5,2
DA:8,2
DA:9,2
LF:5
LH:5
BRF:0
BRH:0
end_of_record
TN:
SF:src/modules/products/products.repository.ts
FN:4,findAllProducts
FNF:1
FNH:0
FNDA:0,findAllProducts
DA:1,0
DA:4,0
DA:5,0
LF:3
LH:0
BRF:0
BRH:0
end_of_record
TN:
SF:src/modules/products/products.routes.ts
FNF:0
FNH:0
DA:1,0
DA:2,0
DA:3,0
DA:5,0
DA:7,0
LF:5
LH:0
BRF:0
BRH:0
end_of_record
TN:
SF:src/modules/products/products.service.ts
FN:21,listProducts
FNF:1
FNH:1
FNDA:2,listProducts
DA:1,1
DA:2,1
DA:3,1
DA:6,1
DA:21,1
DA:22,2
DA:24,2
DA:25,1
DA:28,1
DA:29,1
DA:31,1
LF:11
LH:11
BRDA:24,0,0,1
BRF:1
BRH:1
end_of_record
TN:
SF:src/modules/tickets/tickets.controller.ts
FN:5,submitTicket
FNF:1
FNH:1
FNDA:2,submitTicket
DA:2,1
DA:5,1
DA:10,2
DA:11,1
LF:4
LH:4
BRF:0
BRH:0
end_of_record
TN:
SF:src/modules/tickets/tickets.repository.ts
FN:10,insertTicket
FNF:1
FNH:0
FNDA:0,insertTicket
DA:1,0
DA:10,0
DA:11,0
DA:12,0
LF:4
LH:0
BRF:0
BRH:0
end_of_record
TN:
SF:src/modules/tickets/tickets.routes.ts
FNF:0
FNH:0
DA:1,0
DA:2,0
DA:3,0
DA:4,0
DA:5,0
DA:7,0
DA:9,0
LF:7
LH:0
BRF:0
BRH:0
end_of_record
TN:
SF:src/modules/tickets/tickets.schema.ts
FNF:0
FNH:0
DA:1,1
DA:3,1
LF:2
LH:2
BRF:0
BRH:0
end_of_record
TN:
SF:src/modules/tickets/tickets.service.ts
FN:21,createTicket
FN:50,(anonymous_2)
FNF:2
FNH:2
FNDA:6,createTicket
FNDA:1,(anonymous_2)
DA:1,1
DA:2,1
DA:3,1
DA:4,1
DA:5,1
DA:9,1
DA:21,1
DA:22,6
DA:23,6
DA:25,6
DA:27,6
DA:28,2
DA:33,4
DA:34,4
DA:37,2
DA:43,1
DA:45,1
DA:50,4
DA:51,1
LF:19
LH:19
BRDA:27,0,0,2
BRDA:37,1,0,1
BRDA:38,2,0,2
BRDA:38,2,1,2
BRDA:38,2,2,2
BRDA:38,2,3,1
BRF:6
BRH:6
end_of_record
